<?xml version="1.0" encoding="UTF-8"?>
<!-- Generated by org.testng.reporters.JUnitReportReporter -->
<testsuite hostname="DESKTOP-9HD1UFT" name="DriverFactory.DriverScript" tests="1" failures="0" timestamp="7 Apr 2022 05:17:49 GMT" time="24.219" errors="0">
  <testcase name="validateLogin" time="24.219" classname="DriverFactory.DriverScript"/>
</testsuite> <!-- DriverFactory.DriverScript -->
