<?xml version="1.0" encoding="UTF-8"?>
<!-- Generated by org.testng.reporters.JUnitReportReporter -->
<testsuite hostname="DESKTOP-9HD1UFT" name="DriverFactory.TestScript" tests="2" failures="0" timestamp="8 Apr 2022 05:40:32 GMT" time="59.644" errors="0">
  <testcase name="validateuser" time="38.963" classname="DriverFactory.TestScript"/>
  <testcase name="validateAddEmp" time="20.681" classname="DriverFactory.TestScript"/>
</testsuite> <!-- DriverFactory.TestScript -->
